actionid: tox
msg: packaging
cmdargs: ['/usr/bin/python3', local('/home/jamespage/src/charms/openstack/docs/charm-deployment-guide/setup.py'), 'sdist', '--formats=zip', '--dist-dir', local('/home/jamespage/src/charms/openstack/docs/charm-deployment-guide/.tox/dist')]
env: None

ERROR:root:Error parsing
Traceback (most recent call last):
  File "/home/jamespage/.local/lib/python3.5/site-packages/pbr/core.py", line 111, in pbr
    attrs = util.cfg_to_args(path, dist.script_args)
  File "/home/jamespage/.local/lib/python3.5/site-packages/pbr/util.py", line 249, in cfg_to_args
    pbr.hooks.setup_hook(config)
  File "/home/jamespage/.local/lib/python3.5/site-packages/pbr/hooks/__init__.py", line 25, in setup_hook
    metadata_config.run()
  File "/home/jamespage/.local/lib/python3.5/site-packages/pbr/hooks/base.py", line 27, in run
    self.hook()
  File "/home/jamespage/.local/lib/python3.5/site-packages/pbr/hooks/metadata.py", line 26, in hook
    self.config['name'], self.config.get('version', None))
  File "/home/jamespage/.local/lib/python3.5/site-packages/pbr/packaging.py", line 750, in get_version
    name=package_name))
Exception: Versioning for this project requires either an sdist tarball, or access to an upstream git repository. It's also possible that there is a mismatch between the package name in setup.cfg and the argument given to pbr.version.VersionInfo. Project name charm-deployment-guide was given, but was not able to be found.
error in setup command: Error parsing /home/jamespage/src/charms/openstack/docs/charm-deployment-guide/setup.cfg: Exception: Versioning for this project requires either an sdist tarball, or access to an upstream git repository. It's also possible that there is a mismatch between the package name in setup.cfg and the argument given to pbr.version.VersionInfo. Project name charm-deployment-guide was given, but was not able to be found.
